<?xml version="1.0" encoding="UTF-8"?>
<testng-results ignored="1" total="6" passed="4" failed="1" skipped="0">
  <reporter-output>
  </reporter-output>
  <suite started-at="2022-04-26T19:29:00 EDT" name="Default suite" finished-at="2022-04-26T19:29:01 EDT" duration-ms="160">
    <groups>
    </groups>
    <test started-at="2022-04-26T19:29:00 EDT" name="Default test" finished-at="2022-04-26T19:29:01 EDT" duration-ms="160">
      <class name="sample.com.annoclass">
        <test-method is-config="true" signature="beforeSuite()[pri:0, instance:sample.com.annoclass@72a7c7e0]" started-at="2022-04-26T19:29:00 EDT" name="beforeSuite" finished-at="2022-04-26T19:29:00 EDT" duration-ms="18" status="PASS">
          <reporter-output>
          </reporter-output>
        </test-method> <!-- beforeSuite -->
        <test-method is-config="true" signature="beforeTest()[pri:0, instance:sample.com.annoclass@72a7c7e0]" started-at="2022-04-26T19:29:00 EDT" name="beforeTest" finished-at="2022-04-26T19:29:00 EDT" duration-ms="1" status="PASS">
          <reporter-output>
          </reporter-output>
        </test-method> <!-- beforeTest -->
        <test-method is-config="true" signature="beforeClass()[pri:0, instance:sample.com.annoclass@72a7c7e0]" started-at="2022-04-26T19:29:00 EDT" name="beforeClass" finished-at="2022-04-26T19:29:00 EDT" duration-ms="1" status="PASS">
          <reporter-output>
          </reporter-output>
        </test-method> <!-- beforeClass -->
        <test-method is-config="true" signature="beforeMethod()[pri:0, instance:sample.com.annoclass@72a7c7e0]" started-at="2022-04-26T19:29:00 EDT" name="beforeMethod" finished-at="2022-04-26T19:29:00 EDT" duration-ms="1" status="PASS">
          <reporter-output>
          </reporter-output>
        </test-method> <!-- beforeMethod -->
        <test-method signature="class3()[pri:0, instance:sample.com.annoclass@72a7c7e0]" started-at="2022-04-26T19:29:00 EDT" name="class3" finished-at="2022-04-26T19:29:00 EDT" duration-ms="14" status="PASS">
          <reporter-output>
          </reporter-output>
        </test-method> <!-- class3 -->
        <test-method is-config="true" signature="afterMethod()[pri:0, instance:sample.com.annoclass@72a7c7e0]" started-at="2022-04-26T19:29:01 EDT" name="afterMethod" finished-at="2022-04-26T19:29:01 EDT" duration-ms="3" status="PASS">
          <reporter-output>
          </reporter-output>
        </test-method> <!-- afterMethod -->
        <test-method is-config="true" signature="beforeMethod()[pri:0, instance:sample.com.annoclass@72a7c7e0]" started-at="2022-04-26T19:29:01 EDT" name="beforeMethod" finished-at="2022-04-26T19:29:01 EDT" duration-ms="1" status="PASS">
          <reporter-output>
          </reporter-output>
        </test-method> <!-- beforeMethod -->
        <test-method signature="class3()[pri:0, instance:sample.com.annoclass@72a7c7e0]" started-at="2022-04-26T19:29:01 EDT" name="class3" finished-at="2022-04-26T19:29:01 EDT" duration-ms="6" status="PASS">
          <reporter-output>
          </reporter-output>
        </test-method> <!-- class3 -->
        <test-method is-config="true" signature="afterMethod()[pri:0, instance:sample.com.annoclass@72a7c7e0]" started-at="2022-04-26T19:29:01 EDT" name="afterMethod" finished-at="2022-04-26T19:29:01 EDT" duration-ms="3" status="PASS">
          <reporter-output>
          </reporter-output>
        </test-method> <!-- afterMethod -->
        <test-method is-config="true" signature="beforeMethod()[pri:0, instance:sample.com.annoclass@72a7c7e0]" started-at="2022-04-26T19:29:01 EDT" name="beforeMethod" finished-at="2022-04-26T19:29:01 EDT" duration-ms="1" status="PASS">
          <reporter-output>
          </reporter-output>
        </test-method> <!-- beforeMethod -->
        <test-method signature="class3()[pri:0, instance:sample.com.annoclass@72a7c7e0]" started-at="2022-04-26T19:29:01 EDT" name="class3" finished-at="2022-04-26T19:29:01 EDT" duration-ms="2" status="PASS">
          <reporter-output>
          </reporter-output>
        </test-method> <!-- class3 -->
        <test-method is-config="true" signature="afterMethod()[pri:0, instance:sample.com.annoclass@72a7c7e0]" started-at="2022-04-26T19:29:01 EDT" name="afterMethod" finished-at="2022-04-26T19:29:01 EDT" duration-ms="2" status="PASS">
          <reporter-output>
          </reporter-output>
        </test-method> <!-- afterMethod -->
        <test-method signature="class4()[pri:0, instance:sample.com.annoclass@72a7c7e0]" started-at="2022-04-26T19:29:01 EDT" name="class4" finished-at="2022-04-26T19:29:01 EDT" duration-ms="5" status="FAIL">
          <exception class="java.lang.AssertionError">
            <message>
              <![CDATA[expected [true] but found [false]]]>
            </message>
            <full-stacktrace>
              <![CDATA[java.lang.AssertionError: expected [true] but found [false]
at org.testng.Assert.fail(Assert.java:97)
at org.testng.Assert.assertEqualsImpl(Assert.java:136)
at org.testng.Assert.assertEquals(Assert.java:118)
at org.testng.Assert.assertEquals(Assert.java:751)
at org.testng.Assert.assertEquals(Assert.java:761)
at sample.com.annoclass.class4(annoclass.java:24)
at java.base/jdk.internal.reflect.NativeMethodAccessorImpl.invoke0(Native Method)
at java.base/jdk.internal.reflect.NativeMethodAccessorImpl.invoke(NativeMethodAccessorImpl.java:78)
at java.base/jdk.internal.reflect.DelegatingMethodAccessorImpl.invoke(DelegatingMethodAccessorImpl.java:43)
at java.base/java.lang.reflect.Method.invoke(Method.java:567)
at org.testng.internal.MethodInvocationHelper.invokeMethod(MethodInvocationHelper.java:134)
at org.testng.internal.TestInvoker.invokeMethod(TestInvoker.java:597)
at org.testng.internal.TestInvoker.invokeTestMethod(TestInvoker.java:173)
at org.testng.internal.MethodRunner.runInSequence(MethodRunner.java:46)
at org.testng.internal.TestInvoker$MethodInvocationAgent.invoke(TestInvoker.java:816)
at org.testng.internal.TestInvoker.invokeTestMethods(TestInvoker.java:146)
at org.testng.internal.TestMethodWorker.invokeTestMethods(TestMethodWorker.java:146)
at org.testng.internal.TestMethodWorker.run(TestMethodWorker.java:128)
at java.base/java.util.ArrayList.forEach(ArrayList.java:1511)
at org.testng.TestRunner.privateRun(TestRunner.java:766)
at org.testng.TestRunner.run(TestRunner.java:587)
at org.testng.SuiteRunner.runTest(SuiteRunner.java:384)
at org.testng.SuiteRunner.runSequentially(SuiteRunner.java:378)
at org.testng.SuiteRunner.privateRun(SuiteRunner.java:337)
at org.testng.SuiteRunner.run(SuiteRunner.java:286)
at org.testng.SuiteRunnerWorker.runSuite(SuiteRunnerWorker.java:53)
at org.testng.SuiteRunnerWorker.run(SuiteRunnerWorker.java:96)
at org.testng.TestNG.runSuitesSequentially(TestNG.java:1187)
at org.testng.TestNG.runSuitesLocally(TestNG.java:1109)
at org.testng.TestNG.runSuites(TestNG.java:1039)
at org.testng.TestNG.run(TestNG.java:1007)
at org.testng.remote.AbstractRemoteTestNG.run(AbstractRemoteTestNG.java:115)
at org.testng.remote.RemoteTestNG.initAndRun(RemoteTestNG.java:251)
at org.testng.remote.RemoteTestNG.main(RemoteTestNG.java:77)
]]>
            </full-stacktrace>
          </exception> <!-- java.lang.AssertionError -->
          <reporter-output>
          </reporter-output>
        </test-method> <!-- class4 -->
        <test-method is-config="true" signature="beforeMethod()[pri:0, instance:sample.com.annoclass@72a7c7e0]" started-at="2022-04-26T19:29:01 EDT" name="beforeMethod" finished-at="2022-04-26T19:29:01 EDT" duration-ms="0" status="PASS">
          <reporter-output>
          </reporter-output>
        </test-method> <!-- beforeMethod -->
        <test-method is-config="true" signature="afterMethod()[pri:0, instance:sample.com.annoclass@72a7c7e0]" started-at="2022-04-26T19:29:01 EDT" name="afterMethod" finished-at="2022-04-26T19:29:01 EDT" duration-ms="0" status="PASS">
          <reporter-output>
          </reporter-output>
        </test-method> <!-- afterMethod -->
        <test-method is-config="true" signature="beforeMethod()[pri:0, instance:sample.com.annoclass@72a7c7e0]" started-at="2022-04-26T19:29:01 EDT" name="beforeMethod" finished-at="2022-04-26T19:29:01 EDT" duration-ms="2" status="PASS">
          <reporter-output>
          </reporter-output>
        </test-method> <!-- beforeMethod -->
        <test-method signature="class2()[pri:0, instance:sample.com.annoclass@72a7c7e0]" started-at="2022-04-26T19:29:01 EDT" name="class2" finished-at="2022-04-26T19:29:01 EDT" depends-on-methods="sample.com.annoclass.class3" duration-ms="7" status="PASS">
          <reporter-output>
          </reporter-output>
        </test-method> <!-- class2 -->
        <test-method is-config="true" signature="afterMethod()[pri:0, instance:sample.com.annoclass@72a7c7e0]" started-at="2022-04-26T19:29:01 EDT" name="afterMethod" finished-at="2022-04-26T19:29:01 EDT" duration-ms="0" status="PASS">
          <reporter-output>
          </reporter-output>
        </test-method> <!-- afterMethod -->
        <test-method is-config="true" signature="afterClass()[pri:0, instance:sample.com.annoclass@72a7c7e0]" started-at="2022-04-26T19:29:01 EDT" name="afterClass" finished-at="2022-04-26T19:29:01 EDT" duration-ms="1" status="PASS">
          <reporter-output>
          </reporter-output>
        </test-method> <!-- afterClass -->
        <test-method is-config="true" signature="afterTest()[pri:0, instance:sample.com.annoclass@72a7c7e0]" started-at="2022-04-26T19:29:01 EDT" name="afterTest" finished-at="2022-04-26T19:29:01 EDT" duration-ms="1" status="PASS">
          <reporter-output>
          </reporter-output>
        </test-method> <!-- afterTest -->
        <test-method is-config="true" signature="afterSuite()[pri:0, instance:sample.com.annoclass@72a7c7e0]" started-at="2022-04-26T19:29:01 EDT" name="afterSuite" finished-at="2022-04-26T19:29:01 EDT" duration-ms="1" status="PASS">
          <reporter-output>
          </reporter-output>
        </test-method> <!-- afterSuite -->
      </class> <!-- sample.com.annoclass -->
    </test> <!-- Default test -->
  </suite> <!-- Default suite -->
</testng-results>
